<?xml version="1.0" encoding="UTF-8"?>
<!-- Generated by org.testng.reporters.JUnitReportReporter -->
<testsuite hostname="LAPTOP-84D7O3F5" failures="0" tests="1" name="launchbrowser.selenium_automation.Locators" time="28.817" errors="0" timestamp="2022-07-07T23:02:28 IST" skipped="0">
  <testcase classname="launchbrowser.selenium_automation.Locators" name="locators" time="28.817"/>
  <system-out/>
</testsuite> <!-- launchbrowser.selenium_automation.Locators -->
