<?xml version="1.0" encoding="UTF-8"?>
<!-- Generated by org.testng.reporters.JUnitReportReporter -->
<testsuite hostname="LAPTOP-84D7O3F5" failures="0" tests="1" name="spotify_restassured.selenium_automation.LaunchBrowser" time="15.490" errors="0" timestamp="2022-07-04T22:10:07 IST" skipped="0">
  <testcase classname="spotify_restassured.selenium_automation.LaunchBrowser" name="launchBrowser" time="15.490"/>
  <system-out/>
</testsuite> <!-- spotify_restassured.selenium_automation.LaunchBrowser -->
